\BOOKMARK [1][-]{section*.1}{\376\377\144\130\211\201}{}% 1
\BOOKMARK [1][-]{section*.2}{\376\377\000A\000b\000s\000t\000r\000a\000c\000t}{}% 2
\BOOKMARK [1][-]{section.1}{\376\377\000M\000n\000i\000s\000t\145\160\143\156\226\306}{}% 3
\BOOKMARK [2][-]{subsection.1.1}{\376\377\121\163\116\216\000M\000n\000i\000s\000t\145\160\143\156\226\306}{section.1}% 4
\BOOKMARK [2][-]{subsection.1.2}{\376\377\000M\000n\000i\000s\000t\145\160\143\156\226\306\176\304\142\020}{section.1}% 5
\BOOKMARK [2][-]{subsection.1.3}{\376\377\000P\000y\000t\000h\000o\000n\116\055\213\373\123\326\000M\000n\000i\000s\000t\145\160\143\156\226\306}{section.1}% 6
\BOOKMARK [3][-]{subsubsection.1.3.1}{\376\377\000i\000d\000x\0003\000-\000u\000b\000y\000t\000e\145\207\116\366\211\343\170\001}{subsection.1.3}% 7
\BOOKMARK [3][-]{subsubsection.1.3.2}{\376\377\000i\000d\000x\0001\000-\000u\000b\000y\000t\000e\145\207\116\366\211\343\170\001}{subsection.1.3}% 8
\BOOKMARK [3][-]{subsubsection.1.3.3}{\376\377\122\240\217\175\213\255\176\303\126\376\162\107}{subsection.1.3}% 9
\BOOKMARK [3][-]{subsubsection.1.3.4}{\376\377\122\240\217\175\213\255\176\303\150\007\173\176}{subsection.1.3}% 10
\BOOKMARK [3][-]{subsubsection.1.3.5}{\376\377\122\240\217\175\155\113\213\325\126\376\162\107}{subsection.1.3}% 11
\BOOKMARK [3][-]{subsubsection.1.3.6}{\376\377\122\240\217\175\155\113\213\325\150\007\173\176}{subsection.1.3}% 12
\BOOKMARK [2][-]{subsection.1.4}{\376\377\155\113\213\325\126\376\162\107\213\373\123\326}{section.1}% 13
\BOOKMARK [1][-]{section.2}{\376\377\000k\000N\000N\133\236\163\260}{}% 14
\BOOKMARK [2][-]{subsection.2.1}{\376\377\000k\000N\000N\123\237\164\006\116\313\176\315}{section.2}% 15
\BOOKMARK [3][-]{subsubsection.2.1.1}{\376\377\116\300\116\110\146\057\000k\000N\000N}{subsection.2.1}% 16
RK [2][-]{subsection.2.2}{\376\377\145\160\143\156\230\204\131\004\164\006}{section.2}% 16
\BOOKMARK [2][-]{subsection.2.3}{\376\377\000k\000N\000N\133\236\163\260}{section.2}% 17
\BOOKMARK [3][-]{subsubsection.2.3.1}{\376\377\213\241\173\227\215\335\171\273\167\351\226\065}{subsection.2.3}% 18
\BOOKMARK [3][-]{subsubsection.2.3.2}{\376\377\000k\000N\000N\122\006\174\173\126\150}{subsection.2.3}% 19
\BOOKMARK [3][-]{subsubsection.2.3.3}{\376\377\213\241\173\227\123\354\126\336\163\207}{subsection.2.3}% 20
\BOOKMARK [3][-]{subsubsection.2.3.4}{\376\377\220\011\123\326\124\010\220\002\166\204\000k}{subsection.2.3}% 21
\BOOKMARK [2][-]{subsection.2.4}{\376\377\000k\000N\000N\122\006\174\173\126\150\213\255\176\303\176\323\147\234}{section.2}% 22
\BOOKMARK [1][-]{section.3}{\376\377\147\064\175\040\215\035\123\366\145\257\122\006\174\173\126\150\133\236\163\260}{}% 23
\BOOKMARK [2][-]{subsection.3.1}{\376\377\147\064\175\040\215\035\123\366\145\257\000\050\000N\000a\000i\000v\000e\000\040\000B\000a\000y\000e\000s\000i\000a\000n\000,\000\040\000N\000B\000\051\122\006\174\173\126\150\123\237\164\006}{section.3}% 24
\BOOKMARK [2][-]{subsection.3.2}{\376\377\147\064\175\040\215\035\123\366\145\257\122\006\174\173\126\150\133\236\163\260}{section.3}% 25
\BOOKMARK [3][-]{subsubsection.3.2.1}{\376\377\145\160\143\156\230\204\131\004\164\006}{subsection.3.2}% 26
\BOOKMARK [3][-]{subsubsection.3.2.2}{\376\377\000N\000B\122\006\174\173\126\150\133\236\163\260}{subsection.3.2}% 27
\BOOKMARK [2][-]{subsection.3.3}{\376\377\122\006\174\173\126\150\121\306\170\156\140\047\122\006\147\220}{section.3}% 28
\BOOKMARK [3][-]{subsubsection.3.3.1}{\376\377\213\241\173\227\121\306\170\156\163\207}{subsection.3.3}% 29
\BOOKMARK [3][-]{subsubsection.3.3.2}{\376\377\122\006\147\220}{subsection.3.3}% 30
\BOOKMARK [1][-]{section.4}{\376\377\220\073\217\221\126\336\137\122\122\006\174\173\126\150\133\236\163\260}{}% 31
\BOOKMARK [2][-]{subsection.4.1}{\376\377\220\073\217\221\126\336\137\122\133\236\163\260\131\032\122\006\174\173\123\237\164\006}{section.4}% 32
\BOOKMARK [3][-]{subsubsection.4.1.1}{\376\377\000o\000n\000e\000\040\000v\000s\000\040\000r\000e\000s\000t}{subsection.4.1}% 33
\BOOKMARK [3][-]{subsubsection.4.1.2}{\376\377\000s\000o\000f\000t\000m\000a\000x\121\375\145\160}{subsection.4.1}% 34
\BOOKMARK [2][-]{subsection.4.2}{\376\377\133\236\163\260\000s\000o\000f\000t\000m\000a\000x\126\336\137\122\122\006\174\173\126\150}{section.4}% 35
\BOOKMARK [3][-]{subsubsection.4.2.1}{\376\377\122\240\217\175\145\160\143\156}{subsection.4.2}% 36
\BOOKMARK [3][-]{subsubsection.4.2.2}{\376\377\000s\000o\000f\000t\000m\000a\000x\122\006\174\173\126\150\133\236\163\260}{subsection.4.2}% 37
\BOOKMARK [2][-]{subsection.4.3}{\376\377\155\113\213\325\176\323\147\234\116\016\122\006\147\220}{section.4}% 38
\BOOKMARK [1][-]{lstnumber.-23.4}{\376\377\123\302\200\003\145\207\163\056}{}% 39
